<?xml version="1.0" encoding="UTF-8"?>
<!-- Generated by org.testng.reporters.JUnitReportReporter -->
<testsuite hostname="MD-5Q0H9F2" failures="0" tests="1" name="FirstTest" time="0.028" errors="0" timestamp="2021-07-21T15:59:13 IST" skipped="0">
  <testcase classname="FirstTest" name="signup" time="0.028"/>
  <system-out/>
</testsuite> <!-- FirstTest -->
